This file contains any messages produced by compilers while
running configure, to aid debugging if configure makes a mistake.

It was created by configure, which was
generated by GNU Autoconf 2.61.  Invocation command line was

  $ configure 

## --------- ##
## Platform. ##
## --------- ##

hostname = tequila
uname -m = i386
uname -r = 10.8.0
uname -s = Darwin
uname -v = Darwin Kernel Version 10.8.0: Tue Jun  7 16:33:36 PDT 2011; root:xnu-1504.15.3~1/RELEASE_I386

/usr/bin/uname -p = i386
/bin/uname -X     = unknown

/bin/arch              = unknown
/usr/bin/arch -k       = unknown
/usr/convex/getsysinfo = unknown
/usr/bin/hostinfo      = Mach kernel version:
	 Darwin Kernel Version 10.8.0: Tue Jun  7 16:33:36 PDT 2011; root:xnu-1504.15.3~1/RELEASE_I386
Kernel configured for up to 2 processors.
2 processors are physically available.
2 processors are logically available.
Processor type: i486 (Intel 80486)
Processors active: 0 1
Primary memory available: 4.00 gigabytes
Default processor set: 104 tasks, 353 threads, 2 processors
Load average: 0.55, Mach factor: 1.43
/bin/machine           = unknown
/usr/bin/oslevel       = unknown
/bin/universe          = unknown

PATH: /Users/ether/.perlbrew/libs/21.1@std/bin
PATH: /Users/ether/perl5/perlbrew/bin
PATH: /Users/ether/perl5/perlbrew/perls/21.1/bin
PATH: /usr/bin
PATH: /bin
PATH: /usr/sbin
PATH: /sbin
PATH: /usr/local/bin
PATH: /usr/X11/bin
PATH: /Users/ether/bin
PATH: /Users/ether/git/misc/install/tequila/bin
PATH: /Users/ether/git/misc/install/generic/bin
PATH: /opt/local/bin
PATH: /opt/local/sbin
PATH: /Users/ether/src/CE/devtools
PATH: /Users/ether/git/CE/devtools
PATH: /Users/ether/src/CE/bin
PATH: /Users/ether/git/CE/bin
PATH: /opt/local/share/git-core/contrib/workdir


## ----------- ##
## Core tests. ##
## ----------- ##

configure:1723: checking for gcc
configure:1750: result: cc
configure:1988: checking for C compiler version
configure:1995: cc --version >&5
i686-apple-darwin10-gcc-4.2.1 (GCC) 4.2.1 (Apple Inc. build 5666) (dot 3)
Copyright (C) 2007 Free Software Foundation, Inc.
This is free software; see the source for copying conditions.  There is NO
warranty; not even for MERCHANTABILITY or FITNESS FOR A PARTICULAR PURPOSE.

configure:1998: $? = 0
configure:2005: cc -v >&5
Using built-in specs.
Target: i686-apple-darwin10
Configured with: /var/tmp/gcc/gcc-5666.3~6/src/configure --disable-checking --enable-werror --prefix=/usr --mandir=/share/man --enable-languages=c,objc,c++,obj-c++ --program-transform-name=/^[cg][^.-]*$/s/$/-4.2/ --with-slibdir=/usr/lib --build=i686-apple-darwin10 --program-prefix=i686-apple-darwin10- --host=x86_64-apple-darwin10 --target=i686-apple-darwin10 --with-gxx-include-dir=/include/c++/4.2.1
Thread model: posix
gcc version 4.2.1 (Apple Inc. build 5666) (dot 3)
configure:2008: $? = 0
configure:2015: cc -V >&5
gcc-4.2: argument to `-V' is missing
configure:2018: $? = 1
configure:2041: checking for C compiler default output file name
configure:2068: cc    conftest.c  >&5
configure:2071: $? = 0
configure:2109: result: a.out
configure:2126: checking whether the C compiler works
configure:2136: ./a.out
configure:2139: $? = 0
configure:2156: result: yes
configure:2163: checking whether we are cross compiling
configure:2165: result: no
configure:2168: checking for suffix of executables
configure:2175: cc -o conftest    conftest.c  >&5
configure:2178: $? = 0
configure:2202: result: 
configure:2208: checking for suffix of object files
configure:2234: cc -c   conftest.c >&5
configure:2237: $? = 0
configure:2260: result: o
configure:2264: checking whether we are using the GNU C compiler
configure:2293: cc -c   conftest.c >&5
configure:2299: $? = 0
configure:2316: result: yes
configure:2321: checking whether cc accepts -g
configure:2351: cc -c -g  conftest.c >&5
configure:2357: $? = 0
configure:2456: result: yes
configure:2473: checking for cc option to accept ISO C89
configure:2547: cc  -c -g -O2  conftest.c >&5
configure:2553: $? = 0
configure:2576: result: none needed
configure:2599: checking how to run the C preprocessor
configure:2639: cc -E  conftest.c
configure:2645: $? = 0
configure:2676: cc -E  conftest.c
conftest.c:8:28: error: ac_nonexistent.h: No such file or directory
configure:2682: $? = 1
configure: failed program was:
| /* confdefs.h.  */
| #define PACKAGE_NAME ""
| #define PACKAGE_TARNAME ""
| #define PACKAGE_VERSION ""
| #define PACKAGE_STRING ""
| #define PACKAGE_BUGREPORT ""
| /* end confdefs.h.  */
| #include <ac_nonexistent.h>
configure:2715: result: cc -E
configure:2744: cc -E  conftest.c
configure:2750: $? = 0
configure:2781: cc -E  conftest.c
conftest.c:8:28: error: ac_nonexistent.h: No such file or directory
configure:2787: $? = 1
configure: failed program was:
| /* confdefs.h.  */
| #define PACKAGE_NAME ""
| #define PACKAGE_TARNAME ""
| #define PACKAGE_VERSION ""
| #define PACKAGE_STRING ""
| #define PACKAGE_BUGREPORT ""
| /* end confdefs.h.  */
| #include <ac_nonexistent.h>
configure:2827: checking for grep that handles long lines and -e
configure:2901: result: /usr/bin/grep
configure:2906: checking for egrep
configure:2984: result: /usr/bin/grep -E
configure:2989: checking for ANSI C header files
configure:3019: cc -c -g -O2  conftest.c >&5
configure:3025: $? = 0
configure:3124: cc -o conftest -g -O2   conftest.c  >&5
configure:3127: $? = 0
configure:3133: ./conftest
configure:3136: $? = 0
configure:3153: result: yes
configure:3177: checking for sys/types.h
configure:3198: cc -c -g -O2  conftest.c >&5
configure:3204: $? = 0
configure:3220: result: yes
configure:3177: checking for sys/stat.h
configure:3198: cc -c -g -O2  conftest.c >&5
configure:3204: $? = 0
configure:3220: result: yes
configure:3177: checking for stdlib.h
configure:3198: cc -c -g -O2  conftest.c >&5
configure:3204: $? = 0
configure:3220: result: yes
configure:3177: checking for string.h
configure:3198: cc -c -g -O2  conftest.c >&5
configure:3204: $? = 0
configure:3220: result: yes
configure:3177: checking for memory.h
configure:3198: cc -c -g -O2  conftest.c >&5
configure:3204: $? = 0
configure:3220: result: yes
configure:3177: checking for strings.h
configure:3198: cc -c -g -O2  conftest.c >&5
configure:3204: $? = 0
configure:3220: result: yes
configure:3177: checking for inttypes.h
configure:3198: cc -c -g -O2  conftest.c >&5
configure:3204: $? = 0
configure:3220: result: yes
configure:3177: checking for stdint.h
configure:3198: cc -c -g -O2  conftest.c >&5
configure:3204: $? = 0
configure:3220: result: yes
configure:3177: checking for unistd.h
configure:3198: cc -c -g -O2  conftest.c >&5
configure:3204: $? = 0
configure:3220: result: yes
configure:3233: checking for ssize_t
configure:3263: cc -c -g -O2  conftest.c >&5
configure:3269: $? = 0
configure:3284: result: yes
configure:3297: checking for sun_len in sys/un.h
configure:3310: result: yes
configure:3324: checking for fpos_t in stdio.h
configure:3337: result: yes
configure:3369: checking sys/socket.h usability
configure:3386: cc -c -g -O2  conftest.c >&5
configure:3392: $? = 0
configure:3406: result: yes
configure:3410: checking sys/socket.h presence
configure:3425: cc -E  conftest.c
configure:3431: $? = 0
configure:3445: result: yes
configure:3473: checking for sys/socket.h
configure:3481: result: yes
configure:3369: checking netdb.h usability
configure:3386: cc -c -g -O2  conftest.c >&5
configure:3392: $? = 0
configure:3406: result: yes
configure:3410: checking netdb.h presence
configure:3425: cc -E  conftest.c
configure:3431: $? = 0
configure:3445: result: yes
configure:3473: checking for netdb.h
configure:3481: result: yes
configure:3369: checking netinet/in.h usability
configure:3386: cc -c -g -O2  conftest.c >&5
configure:3392: $? = 0
configure:3406: result: yes
configure:3410: checking netinet/in.h presence
configure:3425: cc -E  conftest.c
configure:3431: $? = 0
configure:3445: result: yes
configure:3473: checking for netinet/in.h
configure:3481: result: yes
configure:3369: checking arpa/inet.h usability
configure:3386: cc -c -g -O2  conftest.c >&5
configure:3392: $? = 0
configure:3406: result: yes
configure:3410: checking arpa/inet.h presence
configure:3425: cc -E  conftest.c
configure:3431: $? = 0
configure:3445: result: yes
configure:3473: checking for arpa/inet.h
configure:3481: result: yes
configure:3512: checking sys/time.h usability
configure:3529: cc -c -g -O2  conftest.c >&5
configure:3535: $? = 0
configure:3549: result: yes
configure:3553: checking sys/time.h presence
configure:3568: cc -E  conftest.c
configure:3574: $? = 0
configure:3588: result: yes
configure:3616: checking for sys/time.h
configure:3624: result: yes
configure:3512: checking limits.h usability
configure:3529: cc -c -g -O2  conftest.c >&5
configure:3535: $? = 0
configure:3549: result: yes
configure:3553: checking limits.h presence
configure:3568: cc -E  conftest.c
configure:3574: $? = 0
configure:3588: result: yes
configure:3616: checking for limits.h
configure:3624: result: yes
configure:3512: checking sys/param.h usability
configure:3529: cc -c -g -O2  conftest.c >&5
configure:3535: $? = 0
configure:3549: result: yes
configure:3553: checking sys/param.h presence
configure:3568: cc -E  conftest.c
configure:3574: $? = 0
configure:3588: result: yes
configure:3616: checking for sys/param.h
configure:3624: result: yes
configure:3502: checking for unistd.h
configure:3508: result: yes
configure:3638: checking for a fileno() prototype in stdio.h
configure:3651: result: yes
configure:3697: checking whether cross-process locking is required by accept()
configure:3710: result: no
configure:3719: checking whether va_arg(arg, long double) crashes the compiler
configure:3742: cc -c -g -O2  conftest.c >&5
configure:3748: $? = 0
configure:3753: result: no
configure:3770: checking for an ANSI C-conforming const
configure:3845: cc -c -g -O2  conftest.c >&5
configure:3851: $? = 0
configure:3866: result: yes
configure:3978: creating ./config.status

## ---------------------- ##
## Running config.status. ##
## ---------------------- ##

This file was extended by config.status, which was
generated by GNU Autoconf 2.61.  Invocation command line was

  CONFIG_FILES    = 
  CONFIG_HEADERS  = 
  CONFIG_LINKS    = 
  CONFIG_COMMANDS = 
  $ ./config.status 

on tequila

config.status:515: creating fcgi_config.h

## ---------------- ##
## Cache variables. ##
## ---------------- ##

ac_cv_c_compiler_gnu=yes
ac_cv_c_const=yes
ac_cv_env_CC_set=set
ac_cv_env_CC_value=cc
ac_cv_env_CFLAGS_set=
ac_cv_env_CFLAGS_value=
ac_cv_env_CPPFLAGS_set=
ac_cv_env_CPPFLAGS_value=
ac_cv_env_CPP_set=
ac_cv_env_CPP_value=
ac_cv_env_LDFLAGS_set=
ac_cv_env_LDFLAGS_value=
ac_cv_env_LIBS_set=
ac_cv_env_LIBS_value=
ac_cv_env_build_alias_set=
ac_cv_env_build_alias_value=
ac_cv_env_host_alias_set=
ac_cv_env_host_alias_value=
ac_cv_env_target_alias_set=
ac_cv_env_target_alias_value=
ac_cv_header_arpa_inet_h=yes
ac_cv_header_inttypes_h=yes
ac_cv_header_limits_h=yes
ac_cv_header_memory_h=yes
ac_cv_header_netdb_h=yes
ac_cv_header_netinet_in_h=yes
ac_cv_header_stdc=yes
ac_cv_header_stdint_h=yes
ac_cv_header_stdlib_h=yes
ac_cv_header_string_h=yes
ac_cv_header_strings_h=yes
ac_cv_header_sys_param_h=yes
ac_cv_header_sys_socket_h=yes
ac_cv_header_sys_stat_h=yes
ac_cv_header_sys_time_h=yes
ac_cv_header_sys_types_h=yes
ac_cv_header_unistd_h=yes
ac_cv_objext=o
ac_cv_path_EGREP='/usr/bin/grep -E'
ac_cv_path_GREP=/usr/bin/grep
ac_cv_prog_CPP='cc -E'
ac_cv_prog_ac_ct_CC=cc
ac_cv_prog_cc_c89=
ac_cv_prog_cc_g=yes
ac_cv_type_ssize_t=yes

## ----------------- ##
## Output variables. ##
## ----------------- ##

CC='cc'
CFLAGS='-g -O2'
CPP='cc -E'
CPPFLAGS=''
DEFS='-DHAVE_CONFIG_H'
ECHO_C='ECHO_N=''
ECHO_T=''
EGREP='/usr/bin/grep -E'
EXEEXT=''
GREP='/usr/bin/grep'
LDFLAGS=''
LIBOBJS=''
LIBS=''
LTLIBOBJS=''
OBJEXT='o'
PACKAGE_BUGREPORT=''
PACKAGE_NAME=''
PACKAGE_STRING=''
PACKAGE_TARNAME=''
PACKAGE_VERSION=''
PATH_SEPARATOR=':'
SHELL='/bin/sh'
ac_ct_CC='cc'
bindir='${exec_prefix}/bin'
build_alias=''
datadir='${datarootdir}'
datarootdir='${prefix}/share'
docdir='${datarootdir}/doc/${PACKAGE}'
dvidir='${docdir}'
exec_prefix='${prefix}'
host_alias=''
htmldir='${docdir}'
includedir='${prefix}/include'
infodir='${datarootdir}/info'
libdir='${exec_prefix}/lib'
libexecdir='${exec_prefix}/libexec'
localedir='${datarootdir}/locale'
localstatedir='${prefix}/var'
mandir='${datarootdir}/man'
oldincludedir='/usr/include'
pdfdir='${docdir}'
prefix='/usr/local'
program_transform_name='s,x,x,'
psdir='${docdir}'
sbindir='${exec_prefix}/sbin'
sharedstatedir='${prefix}/com'
sysconfdir='${prefix}/etc'
target_alias=''

## ----------- ##
## confdefs.h. ##
## ----------- ##

#define PACKAGE_NAME ""
#define PACKAGE_TARNAME ""
#define PACKAGE_VERSION ""
#define PACKAGE_STRING ""
#define PACKAGE_BUGREPORT ""
#define STDC_HEADERS 1
#define HAVE_SYS_TYPES_H 1
#define HAVE_SYS_STAT_H 1
#define HAVE_STDLIB_H 1
#define HAVE_STRING_H 1
#define HAVE_MEMORY_H 1
#define HAVE_STRINGS_H 1
#define HAVE_INTTYPES_H 1
#define HAVE_STDINT_H 1
#define HAVE_UNISTD_H 1
#define HAVE_SOCKADDR_UN_SUN_LEN 1
#define HAVE_FPOS 1
#define HAVE_SYS_SOCKET_H 1
#define HAVE_NETDB_H 1
#define HAVE_NETINET_IN_H 1
#define HAVE_ARPA_INET_H 1
#define HAVE_SYS_TIME_H 1
#define HAVE_LIMITS_H 1
#define HAVE_SYS_PARAM_H 1
#define HAVE_UNISTD_H 1
#define HAVE_FILENO_PROTO 1

configure: exit 0
